app/build/outputs/logs/manifest-merger-debug-report.txt
-- Merging decision tree log ---
manifest
ADDED from AndroidManifest.xml:2:1
	package
		ADDED from AndroidManifest.xml:3:7
		INJECTED from AndroidManifest.xml:0:0
		INJECTED from AndroidManifest.xml:0:0
	android:versionName
		ADDED from AndroidManifest.xml:5:7
	android:versionCode
		ADDED from AndroidManifest.xml:4:7
		INJECTED from AndroidManifest.xml:0:0
		INJECTED from AndroidManifest.xml:0:0
	xmlns:android
		ADDED from AndroidManifest.xml:2:11
application
ADDED from AndroidManifest.xml:6:5
	android:label
		ADDED from AndroidManifest.xml:6:48
	android:icon
		ADDED from AndroidManifest.xml:6:18
activity#wordroid.activitys.Main
ADDED from AndroidManifest.xml:7:9
	android:screenOrientation
		ADDED from AndroidManifest.xml:10:19
	android:label
		ADDED from AndroidManifest.xml:8:19
	android:configChanges
		ADDED from AndroidManifest.xml:9:19
	android:name
		ADDED from AndroidManifest.xml:7:19
intent-filter#android.intent.action.MAIN+android.intent.category.LAUNCHER
ADDED from AndroidManifest.xml:11:13
action#android.intent.action.MAIN
ADDED from AndroidManifest.xml:12:17
	android:name
		ADDED from AndroidManifest.xml:12:25
category#android.intent.category.LAUNCHER
ADDED from AndroidManifest.xml:13:17
	android:name
		ADDED from AndroidManifest.xml:13:27
activity#wordroid.activitys.ReviewMain
ADDED from AndroidManifest.xml:16:9
	android:name
		ADDED from AndroidManifest.xml:16:19
activity#wordroid.activitys.Review
ADDED from AndroidManifest.xml:18:9
	android:screenOrientation
		ADDED from AndroidManifest.xml:20:9
	android:configChanges
		ADDED from AndroidManifest.xml:19:9
	android:name
		ADDED from AndroidManifest.xml:18:19
activity#wordroid.activitys.Test
ADDED from AndroidManifest.xml:22:12
	android:screenOrientation
		ADDED from AndroidManifest.xml:24:12
	android:configChanges
		ADDED from AndroidManifest.xml:23:12
	android:name
		ADDED from AndroidManifest.xml:22:22
activity#wordroid.activitys.study
ADDED from AndroidManifest.xml:26:9
	android:name
		ADDED from AndroidManifest.xml:26:19
activity#wordroid.activitys.studyWord
ADDED from AndroidManifest.xml:28:9
	android:name
		ADDED from AndroidManifest.xml:28:19
activity#wordroid.activitys.about
ADDED from AndroidManifest.xml:30:10
	android:screenOrientation
		ADDED from AndroidManifest.xml:32:9
	android:configChanges
		ADDED from AndroidManifest.xml:31:9
	android:name
		ADDED from AndroidManifest.xml:30:20
activity#wordroid.activitys.TestList
ADDED from AndroidManifest.xml:33:9
	android:name
		ADDED from AndroidManifest.xml:33:19
receiver#wordroid.widget.Wordroid_Widget
ADDED from AndroidManifest.xml:35:9
	android:label
		ADDED from AndroidManifest.xml:36:17
	android:icon
		ADDED from AndroidManifest.xml:37:17
	android:name
		ADDED from AndroidManifest.xml:35:19
intent-filter#android.appwidget.action.APPWIDGET_UPDATE
ADDED from AndroidManifest.xml:38:13
action#android.appwidget.action.APPWIDGET_UPDATE
ADDED from AndroidManifest.xml:39:18
	android:name
		ADDED from AndroidManifest.xml:39:26
intent-filter#ADD+LAST+NEXT
ADDED from AndroidManifest.xml:41:13
action#NEXT
ADDED from AndroidManifest.xml:42:13
	android:name
		ADDED from AndroidManifest.xml:42:21
action#LAST
ADDED from AndroidManifest.xml:43:13
	android:name
		ADDED from AndroidManifest.xml:43:21
action#ADD
ADDED from AndroidManifest.xml:44:13
	android:name
		ADDED from AndroidManifest.xml:44:21
meta-data#android.appwidget.provider
ADDED from AndroidManifest.xml:46:19
	android:resource
		ADDED from AndroidManifest.xml:46:72
	android:name
		ADDED from AndroidManifest.xml:46:30
receiver#wordroid.business.makeNotify
ADDED from AndroidManifest.xml:48:9
	android:process
		ADDED from AndroidManifest.xml:49:9
	android:name
		ADDED from AndroidManifest.xml:48:19
intent-filter#android.intent.action.BOOT_COMPLETED+shownotify
ADDED from AndroidManifest.xml:50:9
action#android.intent.action.BOOT_COMPLETED
ADDED from AndroidManifest.xml:51:18
	android:name
		ADDED from AndroidManifest.xml:51:26
action#shownotify
ADDED from AndroidManifest.xml:52:18
	android:name
		ADDED from AndroidManifest.xml:52:26